<?xml version="1.0" encoding="UTF-8"?>
<!-- Generated by org.testng.reporters.JUnitReportReporter -->
<testsuite skipped="0" hostname="DESKTOP-GISL81C" name="com.Auto.testcases.AutoSearchTest" tests="1" failures="0" timestamp="04 Aug 2021 16:55:21 GMT" time="3.037" errors="0">
  <testcase name="TC1" time="3.037" classname="com.Auto.testcases.AutoSearchTest"/>
</testsuite> <!-- com.Auto.testcases.AutoSearchTest -->
