<?xml version="1.0" encoding="UTF-8"?>
<!-- Generated by org.testng.reporters.JUnitReportReporter -->
<testsuite skipped="0" hostname="DESKTOP-GISL81C" name="com.auto1.testcases.AutoSearchTest" tests="1" failures="0" timestamp="2021-08-09T02:20:16 IST" time="238.250" errors="0">
  <testcase name="TC1" time="238.250" classname="com.auto1.testcases.AutoSearchTest"/>
  <system-out/>
</testsuite> <!-- com.auto1.testcases.AutoSearchTest -->
