<?xml version="1.0" encoding="UTF-8"?>
<!-- Generated by org.testng.reporters.JUnitReportReporter -->
<testsuite skipped="0" hostname="DESKTOP-GISL81C" name="com.w2a.testcases.BankManagerLoginTest" tests="1" failures="0" timestamp="04 Aug 2021 16:45:06 GMT" time="3.061" errors="0">
  <testcase name="bankManagerLoginTest" time="3.061" classname="com.w2a.testcases.BankManagerLoginTest"/>
</testsuite> <!-- com.w2a.testcases.BankManagerLoginTest -->
